TugasUTS_32941/app/build/intermediates/manifest_merge_blame_file/debug/manifest-merger-blame-debug-report.txt
1<?xml version="1.0" encoding="utf-8"?>
2<manifest xmlns:android="http://schemas.android.com/apk/res/android"
3    package="umn.ac.id.tugasuts_32941"
4    android:versionCode="1"
5    android:versionName="1.0" >
6
7    <uses-sdk
8        android:minSdkVersion="24"
8-->src\main\AndroidManifest.xml
9        android:targetSdkVersion="30" />
9-->src\main\AndroidManifest.xml
10
11    <uses-permission android:name="android.permission.READ_EXTERNAL_STORAGE" />
11-->src\main\AndroidManifest.xml:6:5-80
11-->src\main\AndroidManifest.xml:6:22-77
12
13    <application
13-->src\main\AndroidManifest.xml:8:5-48:19
14        android:allowBackup="true"
14-->src\main\AndroidManifest.xml:9:9-35
15        android:appComponentFactory="androidx.core.app.CoreComponentFactory"
15-->[androidx.core:core:1.3.1] AndroidManifest.xml:24:18-86
16        android:debuggable="true"
17        android:extractNativeLibs="false"
18        android:icon="@mipmap/ic_launcher"
18-->src\main\AndroidManifest.xml:10:9-43
19        android:label="@string/app_name"
19-->src\main\AndroidManifest.xml:11:9-41
20        android:roundIcon="@mipmap/ic_launcher_round"
20-->src\main\AndroidManifest.xml:12:9-54
21        android:supportsRtl="true"
21-->src\main\AndroidManifest.xml:13:9-35
22        android:testOnly="true"
23        android:theme="@style/Theme.TugasUTS_32941" >
23-->src\main\AndroidManifest.xml:14:9-52
24        <activity
24-->src\main\AndroidManifest.xml:15:9-23:20
25            android:name="umn.ac.id.tugasuts_32941.MainActivity"
25-->src\main\AndroidManifest.xml:16:13-41
26            android:label="Music Player" >
26-->src\main\AndroidManifest.xml:17:13-41
27            <intent-filter>
27-->src\main\AndroidManifest.xml:18:13-22:29
28                <action android:name="android.intent.action.MAIN" />
28-->src\main\AndroidManifest.xml:19:17-69
28-->src\main\AndroidManifest.xml:19:25-66
29
30                <category android:name="android.intent.category.LAUNCHER" />
30-->src\main\AndroidManifest.xml:21:17-77
30-->src\main\AndroidManifest.xml:21:27-74
31            </intent-filter>
32        </activity>
33        <activity
33-->src\main\AndroidManifest.xml:24:9-28:45
34            android:name="umn.ac.id.tugasuts_32941.ProfilActivity"
34-->src\main\AndroidManifest.xml:25:13-43
35            android:label="Profil Saya"
35-->src\main\AndroidManifest.xml:26:13-40
36            android:parentActivityName="umn.ac.id.tugasuts_32941.MainActivity" />
36-->src\main\AndroidManifest.xml:27:13-55
37        <activity
37-->src\main\AndroidManifest.xml:29:9-33:45
38            android:name="umn.ac.id.tugasuts_32941.LoginActivity"
38-->src\main\AndroidManifest.xml:30:13-42
39            android:label="Halaman Login"
39-->src\main\AndroidManifest.xml:31:13-42
40            android:parentActivityName="umn.ac.id.tugasuts_32941.MainActivity" />
40-->src\main\AndroidManifest.xml:32:13-55
41        <activity
41-->src\main\AndroidManifest.xml:34:9-37:45
42            android:name="umn.ac.id.tugasuts_32941.SongsActivity"
42-->src\main\AndroidManifest.xml:35:13-42
43            android:label="List Lagu" />
43-->src\main\AndroidManifest.xml:36:13-38
44        <activity
44-->src\main\AndroidManifest.xml:38:9-42:45
45            android:name="umn.ac.id.tugasuts_32941.PlayerActivity"
45-->src\main\AndroidManifest.xml:39:13-43
46            android:label="Now Playing"
46-->src\main\AndroidManifest.xml:40:13-40
47            android:parentActivityName="umn.ac.id.tugasuts_32941.SongsActivity" />
47-->src\main\AndroidManifest.xml:41:13-56
48        <activity
48-->src\main\AndroidManifest.xml:43:9-47:45
49            android:name="umn.ac.id.tugasuts_32941.Profil2Activity"
49-->src\main\AndroidManifest.xml:44:13-44
50            android:label="Profil Saya"
50-->src\main\AndroidManifest.xml:45:13-40
51            android:parentActivityName="umn.ac.id.tugasuts_32941.SongsActivity" />
51-->src\main\AndroidManifest.xml:46:13-56
52        <activity
52-->[com.karumi:dexter:6.2.2] AndroidManifest.xml:27:9-29:72
53            android:name="com.karumi.dexter.DexterActivity"
53-->[com.karumi:dexter:6.2.2] AndroidManifest.xml:28:13-60
54            android:theme="@style/Dexter.Internal.Theme.Transparent" />
54-->[com.karumi:dexter:6.2.2] AndroidManifest.xml:29:13-69
55    </application>
56
57</manifest>